# JRE version: Java(TM) SE Runtime Environment (8.0_162-b12) (build 1.8.0_162-b12)
# Java VM: Java HotSpot(TM) 64-Bit Server VM (25.162-b12 mixed mode windows-amd64 compressed oops)
Heap:
 PSYoungGen      total 141824K, used 35627K [0x00000000f0000000, 0x00000000f9500000, 0x0000000100000000)
  eden space 131072K, 27% used [0x00000000f0000000,0x00000000f22cadd0,0x00000000f8000000)
  from space 10752K, 0% used [0x00000000f8000000,0x00000000f8000000,0x00000000f8a80000)
  to   space 10752K, 0% used [0x00000000f8a80000,0x00000000f8a80000,0x00000000f9500000)
 ParOldGen       total 175104K, used 24257K [0x00000000d0000000, 0x00000000dab00000, 0x00000000f0000000)
  object space 175104K, 13% used [0x00000000d0000000,0x00000000d17b0530,0x00000000dab00000)
 Metaspace       used 22444K, capacity 22954K, committed 23216K, reserved 1069056K
  class space    used 2643K, capacity 2786K, committed 2816K, reserved 1048576K
GC Heap History (10 events):
Event: 3.871 GC heap before
{Heap before GC invocations=2 (full 0):
 PSYoungGen      total 76288K, used 74692K [0x00000000f0000000, 0x00000000f5500000, 0x0000000100000000)
  eden space 65536K, 100% used [0x00000000f0000000,0x00000000f4000000,0x00000000f4000000)
  from space 10752K, 85% used [0x00000000f4000000,0x00000000f48f13b8,0x00000000f4a80000)
  to   space 10752K, 0% used [0x00000000f4a80000,0x00000000f4a80000,0x00000000f5500000)
 ParOldGen       total 175104K, used 8K [0x00000000d0000000, 0x00000000dab00000, 0x00000000f0000000)
  object space 175104K, 0% used [0x00000000d0000000,0x00000000d0002000,0x00000000dab00000)
 Metaspace       used 15624K, capacity 15956K, committed 16128K, reserved 1062912K
  class space    used 1888K, capacity 1976K, committed 2048K, reserved 1048576K
Event: 3.902 GC heap after
Heap after GC invocations=2 (full 0):
 PSYoungGen      total 76288K, used 10736K [0x00000000f0000000, 0x00000000f9500000, 0x0000000100000000)
  eden space 65536K, 0% used [0x00000000f0000000,0x00000000f0000000,0x00000000f4000000)
  from space 10752K, 99% used [0x00000000f4a80000,0x00000000f54fc3f0,0x00000000f5500000)
  to   space 10752K, 0% used [0x00000000f4000000,0x00000000f4000000,0x00000000f4a80000)
 ParOldGen       total 175104K, used 2091K [0x00000000d0000000, 0x00000000dab00000, 0x00000000f0000000)
  object space 175104K, 1% used [0x00000000d0000000,0x00000000d020ae58,0x00000000dab00000)
 Metaspace       used 15624K, capacity 15956K, committed 16128K, reserved 1062912K
  class space    used 1888K, capacity 1976K, committed 2048K, reserved 1048576K
}
Event: 4.899 GC heap before
{Heap before GC invocations=3 (full 0):
 PSYoungGen      total 76288K, used 76272K [0x00000000f0000000, 0x00000000f9500000, 0x0000000100000000)
  eden space 65536K, 100% used [0x00000000f0000000,0x00000000f4000000,0x00000000f4000000)
  from space 10752K, 99% used [0x00000000f4a80000,0x00000000f54fc3f0,0x00000000f5500000)
  to   space 10752K, 0% used [0x00000000f4000000,0x00000000f4000000,0x00000000f4a80000)
 ParOldGen       total 175104K, used 2091K [0x00000000d0000000, 0x00000000dab00000, 0x00000000f0000000)
  object space 175104K, 1% used [0x00000000d0000000,0x00000000d020ae58,0x00000000dab00000)
 Metaspace       used 16147K, capacity 16496K, committed 16640K, reserved 1064960K
  class space    used 1926K, capacity 2018K, committed 2048K, reserved 1048576K
Event: 4.922 GC heap after
Heap after GC invocations=3 (full 0):
 PSYoungGen      total 76288K, used 10744K [0x00000000f0000000, 0x00000000f9500000, 0x0000000100000000)
  eden space 65536K, 0% used [0x00000000f0000000,0x00000000f0000000,0x00000000f4000000)
  from space 10752K, 99% used [0x00000000f4000000,0x00000000f4a7e030,0x00000000f4a80000)
  to   space 10752K, 0% used [0x00000000f8a80000,0x00000000f8a80000,0x00000000f9500000)
 ParOldGen       total 175104K, used 7576K [0x00000000d0000000, 0x00000000dab00000, 0x00000000f0000000)
  object space 175104K, 4% used [0x00000000d0000000,0x00000000d07662f8,0x00000000dab00000)
 Metaspace       used 16147K, capacity 16496K, committed 16640K, reserved 1064960K
  class space    used 1926K, capacity 2018K, committed 2048K, reserved 1048576K
}
Event: 5.485 GC heap before
{Heap before GC invocations=4 (full 0):
 PSYoungGen      total 76288K, used 76280K [0x00000000f0000000, 0x00000000f9500000, 0x0000000100000000)
  eden space 65536K, 100% used [0x00000000f0000000,0x00000000f4000000,0x00000000f4000000)
  from space 10752K, 99% used [0x00000000f4000000,0x00000000f4a7e030,0x00000000f4a80000)
  to   space 10752K, 0% used [0x00000000f8a80000,0x00000000f8a80000,0x00000000f9500000)
 ParOldGen       total 175104K, used 7576K [0x00000000d0000000, 0x00000000dab00000, 0x00000000f0000000)
  object space 175104K, 4% used [0x00000000d0000000,0x00000000d07662f8,0x00000000dab00000)
 Metaspace       used 16658K, capacity 17040K, committed 17280K, reserved 1064960K
  class space    used 1942K, capacity 2050K, committed 2176K, reserved 1048576K
Event: 5.512 GC heap after
Heap after GC invocations=4 (full 0):
 PSYoungGen      total 141824K, used 10728K [0x00000000f0000000, 0x00000000f9500000, 0x0000000100000000)
  eden space 131072K, 0% used [0x00000000f0000000,0x00000000f0000000,0x00000000f8000000)
  from space 10752K, 99% used [0x00000000f8a80000,0x00000000f94fa080,0x00000000f9500000)
  to   space 10752K, 0% used [0x00000000f8000000,0x00000000f8000000,0x00000000f8a80000)
 ParOldGen       total 175104K, used 13228K [0x00000000d0000000, 0x00000000dab00000, 0x00000000f0000000)
  object space 175104K, 7% used [0x00000000d0000000,0x00000000d0ceb2b0,0x00000000dab00000)
 Metaspace       used 16658K, capacity 17040K, committed 17280K, reserved 1064960K
  class space    used 1942K, capacity 2050K, committed 2176K, reserved 1048576K
}
Event: 6.239 GC heap before
{Heap before GC invocations=5 (full 0):
 PSYoungGen      total 141824K, used 60364K [0x00000000f0000000, 0x00000000f9500000, 0x0000000100000000)
  eden space 131072K, 37% used [0x00000000f0000000,0x00000000f3079278,0x00000000f8000000)
  from space 10752K, 99% used [0x00000000f8a80000,0x00000000f94fa080,0x00000000f9500000)
  to   space 10752K, 0% used [0x00000000f8000000,0x00000000f8000000,0x00000000f8a80000)
 ParOldGen       total 175104K, used 13228K [0x00000000d0000000, 0x00000000dab00000, 0x00000000f0000000)
  object space 175104K, 7% used [0x00000000d0000000,0x00000000d0ceb2b0,0x00000000dab00000)
 Metaspace       used 20636K, capacity 21076K, committed 21296K, reserved 1069056K
  class space    used 2463K, capacity 2588K, committed 2688K, reserved 1048576K
Event: 6.261 GC heap after
Heap after GC invocations=5 (full 0):
 PSYoungGen      total 141824K, used 10728K [0x00000000f0000000, 0x00000000f9500000, 0x0000000100000000)
  eden space 131072K, 0% used [0x00000000f0000000,0x00000000f0000000,0x00000000f8000000)
  from space 10752K, 99% used [0x00000000f8000000,0x00000000f8a7a030,0x00000000f8a80000)
  to   space 10752K, 0% used [0x00000000f8a80000,0x00000000f8a80000,0x00000000f9500000)
 ParOldGen       total 175104K, used 16989K [0x00000000d0000000, 0x00000000dab00000, 0x00000000f0000000)
  object space 175104K, 9% used [0x00000000d0000000,0x00000000d1097710,0x00000000dab00000)
 Metaspace       used 20636K, capacity 21076K, committed 21296K, reserved 1069056K
  class space    used 2463K, capacity 2588K, committed 2688K, reserved 1048576K
}
Event: 6.261 GC heap before
{Heap before GC invocations=6 (full 1):
 PSYoungGen      total 141824K, used 10728K [0x00000000f0000000, 0x00000000f9500000, 0x0000000100000000)
  eden space 131072K, 0% used [0x00000000f0000000,0x00000000f0000000,0x00000000f8000000)
  from space 10752K, 99% used [0x00000000f8000000,0x00000000f8a7a030,0x00000000f8a80000)
  to   space 10752K, 0% used [0x00000000f8a80000,0x00000000f8a80000,0x00000000f9500000)
 ParOldGen       total 175104K, used 16989K [0x00000000d0000000, 0x00000000dab00000, 0x00000000f0000000)
  object space 175104K, 9% used [0x00000000d0000000,0x00000000d1097710,0x00000000dab00000)
 Metaspace       used 20636K, capacity 21076K, committed 21296K, reserved 1069056K
  class space    used 2463K, capacity 2588K, committed 2688K, reserved 1048576K
Event: 6.420 GC heap after
Heap after GC invocations=6 (full 1):
 PSYoungGen      total 141824K, used 0K [0x00000000f0000000, 0x00000000f9500000, 0x0000000100000000)
  eden space 131072K, 0% used [0x00000000f0000000,0x00000000f0000000,0x00000000f8000000)
  from space 10752K, 0% used [0x00000000f8000000,0x00000000f8000000,0x00000000f8a80000)
  to   space 10752K, 0% used [0x00000000f8a80000,0x00000000f8a80000,0x00000000f9500000)
 ParOldGen       total 175104K, used 24257K [0x00000000d0000000, 0x00000000dab00000, 0x00000000f0000000)
  object space 175104K, 13% used [0x00000000d0000000,0x00000000d17b0530,0x00000000dab00000)
 Metaspace       used 20636K, capacity 21076K, committed 21296K, reserved 1069056K
  class space    used 2463K, capacity 2588K, committed 2688K, reserved 1048576K
}

